Arguments: 
  C:\Program Files\nodejs\node.exe C:\Users\shivc\AppData\Roaming\npm\node_modules\yarn\bin\yarn.js add bootstrap@4.3.1

PATH: 
  C:\Windows\system32;C:\Windows;C:\Windows\System32\Wbem;C:\Windows\System32\WindowsPowerShell\v1.0\;C:\Windows\System32\OpenSSH\;C:\Program Files\Microsoft SQL Server\120\Tools\Binn\;C:\Program Files\Microsoft SQL Server\Client SDK\ODBC\110\Tools\Binn\;C:\Program Files (x86)\Microsoft SQL Server\120\Tools\Binn\;C:\Program Files\Microsoft SQL Server\120\DTS\Binn\;C:\Program Files (x86)\Microsoft SQL Server\120\Tools\Binn\ManagementStudio\;C:\Program Files (x86)\Microsoft SQL Server\120\DTS\Binn\;C:\Program Files\dotnet\;C:\Program Files\Microsoft SQL Server\130\Tools\Binn\;C:\Program Files\Git\cmd;C:\Program Files\nodejs\;C:\Ruby25-x64\bin;C:\Users\shivc\AppData\Local\Microsoft\WindowsApps;;C:\Users\shivc\AppData\Local\Programs\Microsoft VS Code\bin;C:\Users\shivc\AppData\Roaming\npm

Yarn version: 
  1.13.0

Node version: 
  10.15.0

Platform: 
  win32 x64

Trace: 
  SyntaxError: E:\ionictesting\gitLearning\package.json: Unexpected end of JSON input
      at JSON.parse (<anonymous>)
      at C:\Users\shivc\AppData\Roaming\npm\node_modules\yarn\lib\cli.js:1625:59
      at Generator.next (<anonymous>)
      at step (C:\Users\shivc\AppData\Roaming\npm\node_modules\yarn\lib\cli.js:304:30)
      at C:\Users\shivc\AppData\Roaming\npm\node_modules\yarn\lib\cli.js:315:13

npm manifest: 
  

yarn manifest: 
  No manifest

Lockfile: 
  No lockfile
